<?xml version="1.0" encoding="utf-8"?><testsuites name="pytest tests"><testsuite name="pytest" errors="0" failures="0" skipped="0" tests="5" time="6.392" timestamp="2026-05-23T08:42:56.721423+00:00" hostname="agent-env-5ce1cc36-6b5e-458b-bb53-454c430ddbe6"><testcase classname="backend.tests.test_opptra_backend.TestHealth" name="test_health_ok" time="1.437" /><testcase classname="backend.tests.test_opptra_backend.TestRecommend" name="test_recommend_action" time="2.329" /><testcase classname="backend.tests.test_opptra_backend.TestRecommend" name="test_recommend_opportunity" time="2.291" /><testcase classname="backend.tests.test_opptra_backend.TestRecommend" name="test_recommend_invalid_bucket" time="0.049" /><testcase classname="backend.tests.test_opptra_backend.TestRecommend" name="test_recommend_missing_field" time="0.058" /></testsuite></testsuites>